c:\users\trali-pc\source\repos\loaderupdate\loaderupdate\debug\vc143.pdb
c:\users\trali-pc\source\repos\loaderupdate\loaderupdate\debug\vc143.idb
c:\users\trali-pc\source\repos\loaderupdate\loaderupdate\debug\steamprocessutils.obj
c:\users\trali-pc\source\repos\loaderupdate\loaderupdate\debug\registerandlogin.obj
c:\users\trali-pc\source\repos\loaderupdate\loaderupdate\debug\main.obj
c:\users\trali-pc\source\repos\loaderupdate\loaderupdate\debug\injector.obj
c:\users\trali-pc\source\repos\loaderupdate\loaderupdate\debug\includes.obj
c:\users\trali-pc\source\repos\loaderupdate\loaderupdate\debug\directory.obj
c:\users\trali-pc\source\repos\loaderupdate\debug\loaderupdate.pdb
c:\users\trali-pc\source\repos\loaderupdate\loaderupdate\debug\loaderupdate.tlog\cl.command.1.tlog
c:\users\trali-pc\source\repos\loaderupdate\loaderupdate\debug\loaderupdate.tlog\cl.items.tlog
c:\users\trali-pc\source\repos\loaderupdate\loaderupdate\debug\loaderupdate.tlog\cl.read.1.tlog
c:\users\trali-pc\source\repos\loaderupdate\loaderupdate\debug\loaderupdate.tlog\cl.write.1.tlog
c:\users\trali-pc\source\repos\loaderupdate\loaderupdate\debug\loaderupdate.tlog\link-cvtres.read.1.tlog
c:\users\trali-pc\source\repos\loaderupdate\loaderupdate\debug\loaderupdate.tlog\link-cvtres.write.1.tlog
c:\users\trali-pc\source\repos\loaderupdate\loaderupdate\debug\loaderupdate.tlog\link-rc.read.1.tlog
c:\users\trali-pc\source\repos\loaderupdate\loaderupdate\debug\loaderupdate.tlog\link-rc.write.1.tlog
c:\users\trali-pc\source\repos\loaderupdate\loaderupdate\debug\loaderupdate.tlog\link.7724-cvtres.read.1.tlog
c:\users\trali-pc\source\repos\loaderupdate\loaderupdate\debug\loaderupdate.tlog\link.7724-cvtres.write.1.tlog
c:\users\trali-pc\source\repos\loaderupdate\loaderupdate\debug\loaderupdate.tlog\link.7724-rc.read.1.tlog
c:\users\trali-pc\source\repos\loaderupdate\loaderupdate\debug\loaderupdate.tlog\link.7724-rc.write.1.tlog
c:\users\trali-pc\source\repos\loaderupdate\loaderupdate\debug\loaderupdate.tlog\link.7724.read.1.tlog
c:\users\trali-pc\source\repos\loaderupdate\loaderupdate\debug\loaderupdate.tlog\link.7724.write.1.tlog
c:\users\trali-pc\source\repos\loaderupdate\loaderupdate\debug\loaderupdate.tlog\link.command.1.tlog
c:\users\trali-pc\source\repos\loaderupdate\loaderupdate\debug\loaderupdate.tlog\link.read.1.tlog
c:\users\trali-pc\source\repos\loaderupdate\loaderupdate\debug\loaderupdate.tlog\link.write.1.tlog
